C51 COMPILER V9.59.0.0   MAIN                                                              04/17/2019 10:23:31 PAGE 1   


C51 COMPILER V9.59.0.0, COMPILATION OF MODULE MAIN
OBJECT MODULE PLACED IN main.OBJ
COMPILER INVOKED BY: C:\Keil_v5\C51\BIN\C51.EXE main.c OPTIMIZE(8,SPEED) BROWSE DEBUG OBJECTEXTEND TABS(2)

line level    source

   1          /**************************************************************************************
   2          实验现象：下载程序后"动态数码管模块"从左至右显示0-7
   3          接线说明： 单片机-->动态数码管模块(具体接线图可见开发攻略对应实验的“实验现象”章节)
   4                 J22-->J6
   5                  P22-->J9(A)
   6                  P23-->J9(B)
   7                  P24-->J9(C)   
   8          注意事项：                                          
   9          ***************************************************************************************/
  10          
  11          #include "reg52.h"       //此文件中定义了单片机的一些特殊功能寄存器
  12          
  13          typedef unsigned int u16;   //对数据类型进行声明定义
  14          typedef unsigned char u8;
  15          
  16          sbit LSA=P2^0;
  17          sbit LSB=P2^1;
  18          sbit LSC=P2^2;
  19          
  20          u8 code smgduan[17]={0x3f,0x06,0x5b,0x4f,0x66,0x6d,0x7d,0x07,
  21                    0x7f,0x6f,0x77,0x7c,0x39,0x5e,0x79,0x71};//显示0~F的值
  22          
  23          /*******************************************************************************
  24          * 函 数 名         : delay
  25          * 函数功能       : 延时函数，i=1时，大约延时10us
  26          *******************************************************************************/
  27          void delay(u16 i)
  28          {
  29   1        while(i--); 
  30   1      }
  31          
  32          /*******************************************************************************
  33          * 函 数 名         : DigDisplay
  34          * 函数功能       : 数码管动态扫描函数，循环扫描8个数码管显示
  35          *******************************************************************************/
  36          void DigDisplay()
  37          {
  38   1        u8 i;
  39   1        for(i=0;i<8;i++)
  40   1        {
  41   2          switch(i)  //位选，选择点亮的数码管，
  42   2          {
  43   3            case(0):
  44   3              LSA=0;LSB=0;LSC=0; break;//显示第0位
  45   3            case(1):
  46   3              LSA=1;LSB=0;LSC=0; break;//显示第1位
  47   3            case(2):
  48   3              LSA=0;LSB=1;LSC=0; break;//显示第2位
  49   3            case(3):
  50   3              LSA=1;LSB=1;LSC=0; break;//显示第3位
  51   3            case(4):
  52   3              LSA=0;LSB=0;LSC=1; break;//显示第4位
  53   3            case(5):
  54   3              LSA=1;LSB=0;LSC=1; break;//显示第5位
  55   3            case(6):
C51 COMPILER V9.59.0.0   MAIN                                                              04/17/2019 10:23:31 PAGE 2   

  56   3              LSA=0;LSB=1;LSC=1; break;//显示第6位
  57   3            case(7):
  58   3              LSA=1;LSB=1;LSC=1; break;//显示第7位  
  59   3          }
  60   2          P0=smgduan[i];//发送段码
  61   2          delay(100); //间隔一段时间扫描  
  62   2          P0=0x00;//消隐
  63   2        }
  64   1      }
  65          
  66          /*******************************************************************************
  67          * 函 数 名       : main
  68          * 函数功能     : 主函数
  69          * 输    入       : 无
  70          * 输    出       : 无
  71          *******************************************************************************/
  72          void main()
  73          { 
  74   1        while(1)
  75   1        { 
  76   2          DigDisplay();  //数码管显示函数 
  77   2        }   
  78   1      }


MODULE INFORMATION:   STATIC OVERLAYABLE
   CODE SIZE        =    132    ----
   CONSTANT SIZE    =     17    ----
   XDATA SIZE       =   ----    ----
   PDATA SIZE       =   ----    ----
   DATA SIZE        =   ----    ----
   IDATA SIZE       =   ----    ----
   BIT SIZE         =   ----    ----
END OF MODULE INFORMATION.


C51 COMPILATION COMPLETE.  0 WARNING(S),  0 ERROR(S)
